i
Cargando   : Tunica Suprema de la Naturaleza.
Tu bolsa contiene telaranyas
> m
   Sinaola sagrada de Yvendur. 

    Estas en una sinaola sagrada, en este lugar se guarda mucho silencio por
respeto a este Dios. Unas esfinges doradas se levantan al fondo de la sinaola y
un hermoso altar plateado queda en el centro para consumar los sacrificios. La
sinaola esta llena de flores y cuadros con dibujos de Yvendur.

Parece haber una salida: norte.
Restos putrefactos de enano.
Maza Tempera.
Cartel.
La estatua de Mhorben.
Gran Altar.
> m cuerpo
Esto es el cuerpo sin vida de enano.
Cargando   : Capa de Anduin, Coraza del Tiempo, Botas Relampago, Yelmo Tempera, Colgan
te Vatari, Uniforme de
             Combate, Guantelete, Cinturon de Eliduc, colgante, Simbolo del Guardian d
el Norte, Amuleto de Vigilante
             Nocturno, diez Alzacuellos purpura y dos Latigos de castidad.
Su bolsa esta a rebosar de monedas.
> 
[Drakken sale del MUD]

[Drakken entra al Iluminado]

> Astaroth grita: El Caos comenzara dentro de 5 minutos.
z 
[Melody sale del MUD]
ke a ke hora estaras en la tienda
Dices a Dreikons en enano:  ke a ke hora estaras en la tienda
> -
[Aelin entra al Iluminado]

[Aecio entra al Iluminado]

[Dreikons sale del MUD]

[Dreikons entra al Iluminado]
w
Perdon?
> who

--------------------------======]  Iluminado  [======--------------------------
                            Fri Dec 13 12:44:28 2002                           
---------------------------------] Inmortales [--------------------------------
Deniom el Creador, no toy
Dreikons el Creador
---------------------------------] Jugadores [---------------------------------
       Aecio varon Humano
       Espiritu de Aelin mujer Elfo silvano
       Espiritu de Arathelos varon Humano
       Espiritu de Ardithor mujer Duergar
       Espiritu de Berginyon varon Orco
       Espiritu de Berkhiom varon Elfo silvano
       Espiritu de Darkgrim varon Duergar
       Espiritu de Dindae mujer Goblin
       Espiritu de Drakken varon Elfo silvano
       Espiritu de Fallen varon Duergar (Inactivo: 2)
       Espiritu de Gredford varon Enano
       Espiritu de Grodek varon Goblin (Inactivo: 3)
       Espiritu de Joisan mujer Duergar (Inactivo: 2)
       Espiritu de Kazador varon Orco (Inactivo: 6)
       Espiritu de Klavador varon Orco
       Espiritu de Lenith varon Elfo silvano
       Espiritu de Magestic mujer Enano
       Espiritu de Pepeito varon Humano
       Espiritu de Ramses varon Duergar (Inactivo: 6)
       Espiritu de Sacred varon Orco
       Espiritu de Sangarunya varon Orco
       Testdrei varon Humano
       Espiritu de Txana mujer Enano
       Espiritu de Zarham mujer Enano
       Espiritu de Zeruel varon Goblin
----> Hay dos inmortales y veinticinco jugadores conectados al Iluminado. <----
> 
Aecio grita: Kaal denaalm
who

--------------------------======]  Iluminado  [======--------------------------
                            Fri Dec 13 12:44:32 2002                           
---------------------------------] Inmortales [--------------------------------
Deniom el Creador, no toy
Dreikons el Creador
---------------------------------] Jugadores [---------------------------------
       Aecio varon Humano
       Espiritu de Aelin mujer Elfo silvano
       Espiritu de Arathelos varon Humano
       Espiritu de Ardithor mujer Duergar
       Espiritu de Berginyon varon Orco
       Espiritu de Berkhiom varon Elfo silvano (Inactivo: 2)
       Espiritu de Darkgrim varon Duergar
       Espiritu de Dindae mujer Goblin
       Espiritu de Drakken varon Elfo silvano
       Espiritu de Fallen varon Duergar (Inactivo: 2)
       Espiritu de Gredford varon Enano
       Espiritu de Grodek varon Goblin (Inactivo: 3)
       Espiritu de Joisan mujer Duergar (Inactivo: 2)
       Espiritu de Kazador varon Orco (Inactivo: 6)
       Espiritu de Klavador varon Orco
       Espiritu de Lenith varon Elfo silvano
       Espiritu de Magestic mujer Enano
       Espiritu de Pepeito varon Humano
       Espiritu de Ramses varon Duergar (Inactivo: 6)
       Espiritu de Sacred varon Orco
       Espiritu de Sangarunya varon Orco
       Testdrei varon Humano
       Espiritu de Txana mujer Enano
       Espiritu de Zarham mujer Enano
       Espiritu de Zeruel varon Goblin
----> Hay dos inmortales y veinticinco jugadores conectados al Iluminado. <----
> whoAstaroth grita: El Caos comenzara dentro de 4 minutos.


--------------------------======]  Iluminado  [======--------------------------
                            Fri Dec 13 12:44:36 2002                           
---------------------------------] Inmortales [--------------------------------
Deniom el Creador, no toy
Dreikons el Creador
---------------------------------] Jugadores [---------------------------------
       Aecio varon Humano
       Espiritu de Aelin mujer Elfo silvano
       Espiritu de Arathelos varon Humano
       Espiritu de Ardithor mujer Duergar
       Espiritu de Berginyon varon Orco
       Espiritu de Berkhiom varon Elfo silvano (Inactivo: 2)
       Espiritu de Darkgrim varon Duergar
       Espiritu de Dindae mujer Goblin
       Espiritu de Drakken varon Elfo silvano
       Espiritu de Fallen varon Duergar (Inactivo: 2)
       Espiritu de Gredford varon Enano
       Espiritu de Grodek varon Goblin (Inactivo: 3)
       Espiritu de Joisan mujer Duergar (Inactivo: 2)
       Espiritu de Kazador varon Orco (Inactivo: 6)
       Espiritu de Klavador varon Orco
       Espiritu de Lenith varon Elfo silvano
       Espiritu de Magestic mujer Enano
       Espiritu de Pepeito varon Humano
       Espiritu de Ramses varon Duergar (Inactivo: 6)
       Espiritu de Sacred varon Orco
       Espiritu de Sangarunya varon Orco
       Testdrei varon Humano
       Espiritu de Txana mujer Enano
       Espiritu de Zarham mujer Enano
       Espiritu de Zeruel varon Goblin
----> Hay dos inmortales y veinticinco jugadores conectados al Iluminado. <----
[Aelin sale del MUD]

[Aelin entra al Iluminado]

[Testdrei sale del MUD]
Astaroth grita: El Caos comenzara dentro de 3 minutos.

[Aelin sale del MUD]

[Testdrei entra al Iluminado]

[Aelin entra al Iluminado]

[Aecio sale del MUD]

Astaroth grita: El Caos comenzara dentro de 2 minutos.
who

--------------------------======]  Iluminado  [======--------------------------
                            Fri Dec 13 12:46:40 2002                           
---------------------------------] Inmortales [--------------------------------
Deniom el Creador, no toy
Dreikons el Creador
---------------------------------] Jugadores [---------------------------------
       Espiritu de Aelin mujer Elfo silvano
       Espiritu de Arathelos varon Humano (Inactivo: 3)
       Espiritu de Ardithor mujer Duergar
       Espiritu de Berginyon varon Orco
       Espiritu de Berkhiom varon Elfo silvano
       Espiritu de Darkgrim varon Duergar
       Espiritu de Dindae mujer Goblin
       Espiritu de Drakken varon Elfo silvano
       Espiritu de Fallen varon Duergar
       Espiritu de Gredford varon Enano
       Espiritu de Grodek varon Goblin
       Espiritu de Joisan mujer Duergar
       Espiritu de Kazador varon Orco (Inactivo: 8)
       Espiritu de Klavador varon Orco
       Espiritu de Lenith varon Elfo silvano
       Espiritu de Magestic mujer Enano
       Espiritu de Pepeito varon Humano (Inactivo: 2)
       Espiritu de Ramses varon Duergar (Inactivo: 8)
       Espiritu de Sacred varon Orco (Inactivo: 2)
       Espiritu de Sangarunya varon Orco
       Testdrei varon Enano
       Espiritu de Txana mujer Enano
       Espiritu de Zarham mujer Enano
       Espiritu de Zeruel varon Goblin
----> Hay dos inmortales y veinticuatro jugadores conectados al Iluminado. <---
> 
[Aelin sale del MUD]

[Fallen sale del MUD]

[Pepeito sale del MUD]

> who

--------------------------======]  Iluminado  [======--------------------------
                            Fri Dec 13 12:47:34 2002                           
---------------------------------] Inmortales [--------------------------------
Deniom el Creador, no toy
Dreikons el Creador
---------------------------------] Jugadores [---------------------------------
       Espiritu de Arathelos varon Humano (Inactivo: 4)
       Espiritu de Ardithor mujer Duergar
       Espiritu de Berginyon varon Orco
       Espiritu de Berkhiom varon Elfo silvano
       Espiritu de Darkgrim varon Duergar
       Espiritu de Dindae mujer Goblin
       Espiritu de Drakken varon Elfo silvano
       Espiritu de Gredford varon Enano
       Espiritu de Grodek varon Goblin
       Espiritu de Joisan mujer Duergar
       Espiritu de Kazador varon Orco (Inactivo: 9)
       Espiritu de Klavador varon Orco
       Espiritu de Lenith varon Elfo silvano
       Espiritu de Magestic mujer Enano
       Espiritu de Ramses varon Duergar
       Espiritu de Sacred varon Orco (Inactivo: 3)
       Espiritu de Sangarunya varon Orco (Inactivo: 2)
       Testdrei varon Enano
       Espiritu de Txana mujer Enano
       Espiritu de Zarham mujer Enano
       Espiritu de Zeruel varon Goblin
-----> Hay dos inmortales y veintiuno jugadores conectados al Iluminado. <-----
> Astaroth grita: El Caos comenzara dentro de 1 minuto.

Astaroth grita: El Caos comenzara dentro de 50 segundos.
Astaroth grita: El Caos comenzara dentro de 40 segundos.
Astaroth grita: El Caos comenzara dentro de 30 segundos.
Astaroth grita: El Caos comenzara dentro de 20 segundos.
w

--------------------------======]  Iluminado  [======--------------------------
                            Fri Dec 13 12:48:18 2002                           
---------------------------------] Inmortales [--------------------------------
Deniom el Creador, no toy
Dreikons el Creador
---------------------------------] Jugadores [---------------------------------
       Espiritu de Arathelos el Aventurero
       Espiritu de Ardithor la Seguidora de Oneex
       Espiritu de Berginyon el Maestro de Armas, Lider de la Tribu Agua
Oscura
       Espiritu de Berkhiom el Aprendiz de Ishabe
       Espiritu de Darkgrim el Acolito de Oneex
       Espiritu de Dindae la Aprendiz de Tehran
       Espiritu de Drakken la Sombra Protectora del Mallorn
       Espiritu de Gredford el Clerigo de Yvendur
       Espiritu de Grodek el Senyor de las Sombras
       Espiritu de Joisan la Sombra Callejera
       Espiritu de Kazador el Senyor del Acero
       Espiritu de Klavador el Aprendiz de Armas
       Espiritu de Lenith el Humilde Siervo de la Madre Natura
       Espiritu de Magestic la Gran Sacerdotisa Elegida de Gestur
       Espiritu de Ramses el Aprendiz de Jugarretas
       Espiritu de Sacred el Senyor del Acero
       Espiritu de Sangarunya el Senyor del Acero
       Espiritu de Txana la Aprendiz de Artimanyas
       Espiritu de Zarham la Ley de Gestur
       Espiritu de Zeruel el Aprendiz de Tehran
-------> Hay dos inmortales y veinte jugadores conectados al Iluminado. <------
> Astaroth grita: El Caos comenzara dentro de 10 segundos.
Astaroth grita: El Caos comenzara dentro de 8 segundos.
Astaroth grita: El Caos comenzara dentro de 6 segundos.
Astaroth grita: El Caos comenzara dentro de 4 segundos.
Astaroth grita: El Caos comenzara dentro de 2 segundos.

Deniom chilla: LoooooooooooooooooooooL!!!
Astaroth grita: El Caos ha llegado. Preparaos para la recreacion de los mundos!

[Joisan sale del MUD]

[Grodek sale del MUD]

[Berkhiom sale del MUD]

[Magestic sale del MUD]

[Zeruel sale del MUD]

[Zarham sale del MUD]

[Kazador sale del MUD]

[Drakken sale del MUD]

[Ramses sale del MUD]

[Berginyon sale del MUD]

[Dreikons sale del MUD]

[Klavador sale del MUD]

[Dindae sale del MUD]

[Txana sale del MUD]

[Deniom sale del MUD]

[Sangarunya sale del MUD]
Gracias por jugar, hasta la proxima.

[Gredford sale del MUD]


Innecesario poner nada mas no esta el principo pero es solo ver como a medida ke la gente entra iba palmado, otro inmortal concetado en ese moemnto era ares.