2001.03.22 15:59 B C:\Mis documentos\MUD\lpc\ninetears\valle_dragon\room\trior\torre\centro.c --> driade.fadlan.com /w/jerkat/valle_dragon/room/trior/torre centro.c
2001.03.22 15:59 B C:\Mis documentos\MUD\lpc\ninetears\valle_dragon\room\trior\torre\torre_01.c --> driade.fadlan.com /w/jerkat/valle_dragon/room/trior/torre torre_01.c
2001.03.22 16:00 B C:\Mis documentos\MUD\lpc\ninetears\valle_dragon\room\trior\torre\torre_02.c --> driade.fadlan.com /w/jerkat/valle_dragon/room/trior/torre torre_02.c
2001.03.22 16:00 B C:\Mis documentos\MUD\lpc\ninetears\valle_dragon\room\trior\torre\torre_03.c --> driade.fadlan.com /w/jerkat/valle_dragon/room/trior/torre torre_03.c
2001.03.22 16:00 B C:\Mis documentos\MUD\lpc\ninetears\valle_dragon\room\trior\torre\torre_04.c --> driade.fadlan.com /w/jerkat/valle_dragon/room/trior/torre torre_04.c
2001.03.22 16:00 B C:\Mis documentos\MUD\lpc\ninetears\valle_dragon\room\trior\torre\trior_caracol_torre.c --> driade.fadlan.com /w/jerkat/valle_dragon/room/trior/torre trior_caracol_torre.c
2001.03.22 16:00 B C:\Mis documentos\MUD\lpc\ninetears\valle_dragon\room\trior\torre\trior_exterior_torre.c --> driade.fadlan.com /w/jerkat/valle_dragon/room/trior/torre trior_exterior_torre.c
2001.03.22 16:00 B C:\Mis documentos\MUD\lpc\ninetears\valle_dragon\room\trior\torre\trior_interior_torre.c --> driade.fadlan.com /w/jerkat/valle_dragon/room/trior/torre trior_interior_torre.c
2001.03.22 16:01 B C:\Mis documentos\MUD\lpc\ninetears\valle_dragon\room\trior\torre\centro.c --> driade.fadlan.com /w/jerkat/valle_dragon/room/trior/torre centro.c
2001.03.22 16:01 B C:\Mis documentos\MUD\lpc\ninetears\valle_dragon\room\trior\torre\torre_01.c --> driade.fadlan.com /w/jerkat/valle_dragon/room/trior/torre torre_01.c
2001.03.22 16:01 B C:\Mis documentos\MUD\lpc\ninetears\valle_dragon\room\trior\torre\torre_02.c --> driade.fadlan.com /w/jerkat/valle_dragon/room/trior/torre torre_02.c
2001.03.22 16:01 B C:\Mis documentos\MUD\lpc\ninetears\valle_dragon\room\trior\torre\torre_03.c --> driade.fadlan.com /w/jerkat/valle_dragon/room/trior/torre torre_03.c
2001.03.22 16:01 B C:\Mis documentos\MUD\lpc\ninetears\valle_dragon\room\trior\torre\torre_04.c --> driade.fadlan.com /w/jerkat/valle_dragon/room/trior/torre torre_04.c
2001.03.22 16:01 B C:\Mis documentos\MUD\lpc\ninetears\valle_dragon\room\trior\torre\trior_caracol_torre.c --> driade.fadlan.com /w/jerkat/valle_dragon/room/trior/torre trior_caracol_torre.c
2001.03.22 16:01 B C:\Mis documentos\MUD\lpc\ninetears\valle_dragon\room\trior\torre\trior_exterior_torre.c --> driade.fadlan.com /w/jerkat/valle_dragon/room/trior/torre trior_exterior_torre.c
2001.03.22 16:01 B C:\Mis documentos\MUD\lpc\ninetears\valle_dragon\room\trior\torre\trior_interior_torre.c --> driade.fadlan.com /w/jerkat/valle_dragon/room/trior/torre trior_interior_torre.c
2001.03.22 16:08 B C:\Mis documentos\MUD\lpc\ninetears\valle_dragon\room\trior\torre\trior_caracol_torre.c --> driade.fadlan.com /w/jerkat/valle_dragon/room/trior/torre trior_caracol_torre.c
2001.03.22 16:08 B C:\Mis documentos\MUD\lpc\ninetears\valle_dragon\room\trior\torre\trior_exterior_torre.c --> driade.fadlan.com /w/jerkat/valle_dragon/room/trior/torre trior_exterior_torre.c
2001.03.22 16:08 B C:\Mis documentos\MUD\lpc\ninetears\valle_dragon\room\trior\torre\trior_interior_torre.c --> driade.fadlan.com /w/jerkat/valle_dragon/room/trior/torre trior_interior_torre.c
2001.03.22 16:08 B C:\Mis documentos\MUD\lpc\ninetears\valle_dragon\room\trior\torre\centro.c --> driade.fadlan.com /w/jerkat/valle_dragon/room/trior/torre centro.c
2001.03.22 16:10 B C:\Mis documentos\MUD\lpc\ninetears\valle_dragon\room\trior\torre\centro.c --> driade.fadlan.com /w/jerkat/valle_dragon/room/trior/torre centro.c
2001.03.22 16:15 B C:\Mis documentos\MUD\lpc\ninetears\valle_dragon\room\trior\torre\trior_caracol_torre.c --> driade.fadlan.com /w/jerkat/valle_dragon/room/trior/torre trior_caracol_torre.c
2001.03.22 16:16 B C:\Mis documentos\MUD\lpc\ninetears\valle_dragon\room\trior\torre\trior_exterior_torre.c --> driade.fadlan.com /w/jerkat/valle_dragon/room/trior/torre trior_exterior_torre.c
2001.03.22 16:16 B C:\Mis documentos\MUD\lpc\ninetears\valle_dragon\room\trior\torre\trior_interior_torre.c --> driade.fadlan.com /w/jerkat/valle_dragon/room/trior/torre trior_interior_torre.c
2001.03.22 16:21 B C:\Mis documentos\MUD\lpc\ninetears\valle_dragon\room\trior\torre\centro.c --> driade.fadlan.com /w/jerkat/valle_dragon/room/trior/torre centro.c
